<?xml version="1.1" encoding="UTF-8"?>
<testsuite name="LibraryTest" tests="1" failures="0" errors="0" timestamp="2016-04-28T09:42:14" hostname="frederik-ESPRIMO-P9900" time="0.001">
  <properties/>
  <testcase name="testSomeLibraryMethod" classname="LibraryTest" time="0.001"/>
  <system-out><![CDATA[]]></system-out>
  <system-err><![CDATA[]]></system-err>
</testsuite>
